<?xml version="1.0" encoding="UTF-8"?>
<testng-results skipped="0" failed="0" ignored="0" total="1" passed="1">
  <reporter-output>
  </reporter-output>
  <suite name="Default suite" duration-ms="3347" started-at="2020-08-22T20:08:37 IST" finished-at="2020-08-22T20:08:40 IST">
    <groups>
    </groups>
    <test name="Default test" duration-ms="3347" started-at="2020-08-22T20:08:37 IST" finished-at="2020-08-22T20:08:40 IST">
      <class name="Demo3_GET_Request_GoogleMap">
        <test-method status="PASS" signature="GoogleMapTest()[pri:0, instance:Demo3_GET_Request_GoogleMap@5e853265]" name="GoogleMapTest" duration-ms="3282" started-at="2020-08-22T20:08:37 IST" finished-at="2020-08-22T20:08:40 IST">
          <reporter-output>
          </reporter-output>
        </test-method> <!-- GoogleMapTest -->
      </class> <!-- Demo3_GET_Request_GoogleMap -->
    </test> <!-- Default test -->
  </suite> <!-- Default suite -->
</testng-results>
